<?xml version="1.0" encoding="UTF-8"?>
<testng-results ignored="0" total="3" passed="3" failed="0" skipped="0">
  <reporter-output>
  </reporter-output>
  <suite started-at="2022-11-16T18:26:34 IST" name="Suite" finished-at="2022-11-16T18:30:21 IST" duration-ms="227430">
    <groups>
    </groups>
    <test started-at="2022-11-16T18:26:34 IST" name="Test" finished-at="2022-11-16T18:30:21 IST" duration-ms="227430">
      <class name="addcart.Test2">
        <test-method is-config="true" signature="setup()[pri:0, instance:addcart.Test2@771a660]" started-at="2022-11-16T18:27:52 IST" name="setup" finished-at="2022-11-16T18:28:13 IST" duration-ms="21883" status="PASS">
          <reporter-output>
          </reporter-output>
        </test-method> <!-- setup -->
        <test-method signature="addcart2()[pri:0, instance:addcart.Test2@771a660]" started-at="2022-11-16T18:28:13 IST" name="addcart2" finished-at="2022-11-16T18:28:38 IST" duration-ms="24833" status="PASS">
          <reporter-output>
          </reporter-output>
        </test-method> <!-- addcart2 -->
        <test-method is-config="true" signature="teardown()[pri:0, instance:addcart.Test2@771a660]" started-at="2022-11-16T18:28:38 IST" name="teardown" finished-at="2022-11-16T18:28:39 IST" duration-ms="613" status="PASS">
          <reporter-output>
          </reporter-output>
        </test-method> <!-- teardown -->
      </class> <!-- addcart.Test2 -->
      <class name="addcart.Test1">
        <test-method is-config="true" signature="setup()[pri:0, instance:addcart.Test1@5b03b9fe]" started-at="2022-11-16T18:26:34 IST" name="setup" finished-at="2022-11-16T18:27:27 IST" duration-ms="53295" status="PASS">
          <reporter-output>
          </reporter-output>
        </test-method> <!-- setup -->
        <test-method signature="addcart()[pri:0, instance:addcart.Test1@5b03b9fe]" started-at="2022-11-16T18:27:27 IST" name="addcart" finished-at="2022-11-16T18:27:50 IST" duration-ms="22495" status="PASS">
          <reporter-output>
          </reporter-output>
        </test-method> <!-- addcart -->
        <test-method is-config="true" signature="teardown()[pri:0, instance:addcart.Test1@5b03b9fe]" started-at="2022-11-16T18:27:50 IST" name="teardown" finished-at="2022-11-16T18:27:52 IST" duration-ms="1731" status="PASS">
          <reporter-output>
          </reporter-output>
        </test-method> <!-- teardown -->
      </class> <!-- addcart.Test1 -->
      <class name="addcart.Test3">
        <test-method is-config="true" signature="setup()[pri:0, instance:addcart.Test3@2d52216b]" started-at="2022-11-16T18:28:39 IST" name="setup" finished-at="2022-11-16T18:29:29 IST" duration-ms="49821" status="PASS">
          <reporter-output>
          </reporter-output>
        </test-method> <!-- setup -->
        <test-method signature="addcart3()[pri:0, instance:addcart.Test3@2d52216b]" started-at="2022-11-16T18:29:29 IST" name="addcart3" finished-at="2022-11-16T18:30:21 IST" duration-ms="52514" status="PASS">
          <reporter-output>
          </reporter-output>
        </test-method> <!-- addcart3 -->
        <test-method is-config="true" signature="teardown()[pri:0, instance:addcart.Test3@2d52216b]" started-at="2022-11-16T18:30:21 IST" name="teardown" finished-at="2022-11-16T18:30:21 IST" duration-ms="186" status="PASS">
          <reporter-output>
          </reporter-output>
        </test-method> <!-- teardown -->
      </class> <!-- addcart.Test3 -->
    </test> <!-- Test -->
  </suite> <!-- Suite -->
</testng-results>
